2018-04-28 01:51:04 INFO  ApacheHttpClient.sendEvent(469) - responseCode = 200
2018-04-28 01:52:04 INFO  ApacheHttpClient.sendEvent(469) - responseCode = 200
2018-04-28 01:53:04 INFO  ApacheHttpClient.sendEvent(469) - responseCode = 200
2018-04-28 01:54:04 INFO  ApacheHttpClient.sendEvent(469) - responseCode = 200
2018-04-28 01:55:04 INFO  ApacheHttpClient.sendEvent(469) - responseCode = 200
2018-04-28 01:56:04 INFO  ApacheHttpClient.sendEvent(469) - responseCode = 200
2018-04-28 01:57:04 INFO  ApacheHttpClient.sendEvent(469) - responseCode = 200
2018-04-28 01:58:04 INFO  ApacheHttpClient.sendEvent(469) - responseCode = 200
2018-04-28 01:59:04 INFO  ApacheHttpClient.sendEvent(469) - responseCode = 200
2018-04-28 02:00:04 INFO  ApacheHttpClient.sendEvent(469) - responseCode = 200
2018-04-28 02:01:04 INFO  ApacheHttpClient.sendEvent(469) - responseCode = 200
2018-04-28 02:02:04 INFO  ApacheHttpClient.sendEvent(469) - responseCode = 200
2018-04-28 02:03:04 INFO  ApacheHttpClient.sendEvent(469) - responseCode = 200
2018-04-28 02:04:04 INFO  ApacheHttpClient.sendEvent(469) - responseCode = 200
2018-04-28 02:05:04 INFO  ApacheHttpClient.sendEvent(469) - responseCode = 200
2018-04-28 02:06:04 INFO  ApacheHttpClient.sendEvent(469) - responseCode = 200
2018-04-28 02:07:04 INFO  ApacheHttpClient.sendEvent(469) - responseCode = 200
2018-04-28 02:08:04 INFO  ApacheHttpClient.sendEvent(469) - responseCode = 200
2018-04-28 02:09:04 INFO  ApacheHttpClient.sendEvent(469) - responseCode = 200
2018-04-28 02:10:04 INFO  ApacheHttpClient.sendEvent(469) - responseCode = 200
2018-04-28 02:11:04 INFO  ApacheHttpClient.sendEvent(469) - responseCode = 200
2018-04-28 02:12:04 INFO  ApacheHttpClient.sendEvent(469) - responseCode = 200
2018-04-28 02:13:04 INFO  ApacheHttpClient.sendEvent(469) - responseCode = 200
2018-04-28 02:14:04 INFO  ApacheHttpClient.sendEvent(469) - responseCode = 200
2018-04-28 02:15:04 INFO  ApacheHttpClient.sendEvent(469) - responseCode = 200
2018-04-28 02:16:04 INFO  ApacheHttpClient.sendEvent(469) - responseCode = 200
2018-04-28 02:17:04 INFO  ApacheHttpClient.sendEvent(469) - responseCode = 200
2018-04-28 02:18:04 INFO  ApacheHttpClient.sendEvent(469) - responseCode = 200
2018-04-28 02:19:04 INFO  ApacheHttpClient.sendEvent(469) - responseCode = 200
2018-04-28 02:20:04 INFO  ApacheHttpClient.sendEvent(469) - responseCode = 200
2018-04-28 02:21:04 INFO  ApacheHttpClient.sendEvent(469) - responseCode = 200
2018-04-28 02:22:04 INFO  ApacheHttpClient.sendEvent(469) - responseCode = 200
2018-04-28 02:23:04 INFO  ApacheHttpClient.sendEvent(469) - responseCode = 200
2018-04-28 02:24:04 INFO  ApacheHttpClient.sendEvent(469) - responseCode = 200
2018-04-28 02:25:04 INFO  ApacheHttpClient.sendEvent(469) - responseCode = 200
2018-04-28 02:26:04 INFO  ApacheHttpClient.sendEvent(469) - responseCode = 200
2018-04-28 02:27:04 INFO  ApacheHttpClient.sendEvent(469) - responseCode = 200
2018-04-28 02:28:04 INFO  ApacheHttpClient.sendEvent(469) - responseCode = 200
2018-04-28 02:29:04 INFO  ApacheHttpClient.sendEvent(469) - responseCode = 200
2018-04-28 02:30:04 INFO  ApacheHttpClient.sendEvent(469) - responseCode = 200
2018-04-28 02:31:04 INFO  ApacheHttpClient.sendEvent(469) - responseCode = 200
2018-04-28 02:32:04 INFO  ApacheHttpClient.sendEvent(469) - responseCode = 200
2018-04-28 02:33:04 INFO  ApacheHttpClient.sendEvent(469) - responseCode = 200
2018-04-28 02:34:04 INFO  ApacheHttpClient.sendEvent(469) - responseCode = 200
2018-04-28 02:35:04 INFO  ApacheHttpClient.sendEvent(469) - responseCode = 200
2018-04-28 02:36:04 INFO  ApacheHttpClient.sendEvent(469) - responseCode = 200
2018-04-28 02:37:04 INFO  ApacheHttpClient.sendEvent(469) - responseCode = 200
2018-04-28 02:38:04 INFO  ApacheHttpClient.sendEvent(469) - responseCode = 200
2018-04-28 02:39:04 INFO  ApacheHttpClient.sendEvent(469) - responseCode = 200
2018-04-28 02:40:04 INFO  ApacheHttpClient.sendEvent(469) - responseCode = 200
2018-04-28 02:41:04 INFO  ApacheHttpClient.sendEvent(469) - responseCode = 200
2018-04-28 02:42:04 INFO  ApacheHttpClient.sendEvent(469) - responseCode = 200
2018-04-28 02:43:04 INFO  ApacheHttpClient.sendEvent(469) - responseCode = 200
2018-04-28 02:44:04 INFO  ApacheHttpClient.sendEvent(469) - responseCode = 200
2018-04-28 02:45:04 INFO  ApacheHttpClient.sendEvent(469) - responseCode = 200
2018-04-28 02:46:04 INFO  ApacheHttpClient.sendEvent(469) - responseCode = 200
2018-04-28 02:47:04 INFO  ApacheHttpClient.sendEvent(469) - responseCode = 200
2018-04-28 02:48:04 INFO  ApacheHttpClient.sendEvent(469) - responseCode = 200
2018-04-28 02:49:04 INFO  ApacheHttpClient.sendEvent(469) - responseCode = 200
2018-04-28 02:50:04 INFO  ApacheHttpClient.sendEvent(469) - responseCode = 200
2018-04-28 02:51:04 INFO  ApacheHttpClient.sendEvent(469) - responseCode = 200
2018-04-28 02:52:04 INFO  ApacheHttpClient.sendEvent(469) - responseCode = 200
2018-04-28 02:53:04 INFO  ApacheHttpClient.sendEvent(469) - responseCode = 200
2018-04-28 02:54:04 INFO  ApacheHttpClient.sendEvent(469) - responseCode = 200
2018-04-28 02:55:04 INFO  ApacheHttpClient.sendEvent(469) - responseCode = 200
2018-04-28 02:56:04 INFO  ApacheHttpClient.sendEvent(469) - responseCode = 200
2018-04-28 02:57:04 INFO  ApacheHttpClient.sendEvent(469) - responseCode = 200
2018-04-28 02:58:04 INFO  ApacheHttpClient.sendEvent(469) - responseCode = 200
2018-04-28 02:59:04 INFO  ApacheHttpClient.sendEvent(469) - responseCode = 200
2018-04-28 03:00:04 INFO  ApacheHttpClient.sendEvent(469) - responseCode = 200
2018-04-28 03:01:04 INFO  ApacheHttpClient.sendEvent(469) - responseCode = 200
2018-04-28 03:02:04 INFO  ApacheHttpClient.sendEvent(469) - responseCode = 200
2018-04-28 03:03:04 INFO  ApacheHttpClient.sendEvent(469) - responseCode = 200
2018-04-28 03:04:04 INFO  ApacheHttpClient.sendEvent(469) - responseCode = 200
2018-04-28 03:05:04 INFO  ApacheHttpClient.sendEvent(469) - responseCode = 200
2018-04-28 03:06:04 INFO  ApacheHttpClient.sendEvent(469) - responseCode = 200
2018-04-28 03:07:04 INFO  ApacheHttpClient.sendEvent(469) - responseCode = 200
2018-04-28 03:08:04 INFO  ApacheHttpClient.sendEvent(469) - responseCode = 200
2018-04-28 03:09:04 INFO  ApacheHttpClient.sendEvent(469) - responseCode = 200
2018-04-28 03:10:04 INFO  ApacheHttpClient.sendEvent(469) - responseCode = 200
2018-04-28 03:11:04 INFO  ApacheHttpClient.sendEvent(469) - responseCode = 200
2018-04-28 03:12:04 INFO  ApacheHttpClient.sendEvent(469) - responseCode = 200
2018-04-28 03:13:04 INFO  ApacheHttpClient.sendEvent(469) - responseCode = 200
2018-04-28 03:14:04 INFO  ApacheHttpClient.sendEvent(469) - responseCode = 200
2018-04-28 03:15:04 INFO  ApacheHttpClient.sendEvent(469) - responseCode = 200
2018-04-28 03:16:04 INFO  ApacheHttpClient.sendEvent(469) - responseCode = 200
2018-04-28 03:17:04 INFO  ApacheHttpClient.sendEvent(469) - responseCode = 200
2018-04-28 03:18:04 INFO  ApacheHttpClient.sendEvent(469) - responseCode = 200
2018-04-28 03:19:04 INFO  ApacheHttpClient.sendEvent(469) - responseCode = 200
2018-04-28 03:20:04 INFO  ApacheHttpClient.sendEvent(469) - responseCode = 200
2018-04-28 03:21:04 INFO  ApacheHttpClient.sendEvent(469) - responseCode = 200
2018-04-28 03:22:04 INFO  ApacheHttpClient.sendEvent(469) - responseCode = 200
2018-04-28 03:23:04 INFO  ApacheHttpClient.sendEvent(469) - responseCode = 200
2018-04-28 03:24:04 INFO  ApacheHttpClient.sendEvent(469) - responseCode = 200
2018-04-28 03:25:04 INFO  ApacheHttpClient.sendEvent(469) - responseCode = 200
2018-04-28 03:26:04 INFO  ApacheHttpClient.sendEvent(469) - responseCode = 200
2018-04-28 03:27:04 INFO  ApacheHttpClient.sendEvent(469) - responseCode = 200
2018-04-28 03:28:04 INFO  ApacheHttpClient.sendEvent(469) - responseCode = 200
2018-04-28 03:29:04 INFO  ApacheHttpClient.sendEvent(469) - responseCode = 200
2018-04-28 03:30:04 INFO  ApacheHttpClient.sendEvent(469) - responseCode = 200
2018-04-28 03:31:04 INFO  ApacheHttpClient.sendEvent(469) - responseCode = 200
2018-04-28 03:32:04 INFO  ApacheHttpClient.sendEvent(469) - responseCode = 200
2018-04-28 03:33:04 INFO  ApacheHttpClient.sendEvent(469) - responseCode = 200
2018-04-28 03:34:04 INFO  ApacheHttpClient.sendEvent(469) - responseCode = 200
2018-04-28 03:35:04 INFO  ApacheHttpClient.sendEvent(469) - responseCode = 200
2018-04-28 03:36:04 INFO  ApacheHttpClient.sendEvent(469) - responseCode = 200
2018-04-28 03:37:04 INFO  ApacheHttpClient.sendEvent(469) - responseCode = 200
2018-04-28 03:38:04 INFO  ApacheHttpClient.sendEvent(469) - responseCode = 200
2018-04-28 03:39:04 INFO  ApacheHttpClient.sendEvent(469) - responseCode = 200
2018-04-28 03:40:04 INFO  ApacheHttpClient.sendEvent(469) - responseCode = 200
2018-04-28 03:41:04 INFO  ApacheHttpClient.sendEvent(469) - responseCode = 200
2018-04-28 03:42:04 INFO  ApacheHttpClient.sendEvent(469) - responseCode = 200
2018-04-28 03:43:04 INFO  ApacheHttpClient.sendEvent(469) - responseCode = 200
2018-04-28 03:44:04 INFO  ApacheHttpClient.sendEvent(469) - responseCode = 200
2018-04-28 03:45:04 INFO  ApacheHttpClient.sendEvent(469) - responseCode = 200
2018-04-28 03:46:04 INFO  ApacheHttpClient.sendEvent(469) - responseCode = 200
2018-04-28 03:47:04 INFO  ApacheHttpClient.sendEvent(469) - responseCode = 200
2018-04-28 03:48:04 INFO  ApacheHttpClient.sendEvent(469) - responseCode = 200
2018-04-28 03:49:04 INFO  ApacheHttpClient.sendEvent(469) - responseCode = 200
2018-04-28 03:50:04 INFO  ApacheHttpClient.sendEvent(469) - responseCode = 200
2018-04-28 03:51:04 INFO  ApacheHttpClient.sendEvent(469) - responseCode = 200
2018-04-28 03:52:04 INFO  ApacheHttpClient.sendEvent(469) - responseCode = 200
2018-04-28 03:53:04 INFO  ApacheHttpClient.sendEvent(469) - responseCode = 200
2018-04-28 03:54:04 INFO  ApacheHttpClient.sendEvent(469) - responseCode = 200
2018-04-28 03:55:04 INFO  ApacheHttpClient.sendEvent(469) - responseCode = 200
2018-04-28 03:56:04 INFO  ApacheHttpClient.sendEvent(469) - responseCode = 200
2018-04-28 03:57:04 INFO  ApacheHttpClient.sendEvent(469) - responseCode = 200
2018-04-28 03:58:04 INFO  ApacheHttpClient.sendEvent(469) - responseCode = 200
2018-04-28 03:59:04 INFO  ApacheHttpClient.sendEvent(469) - responseCode = 200
2018-04-28 04:00:04 INFO  ApacheHttpClient.sendEvent(469) - responseCode = 200
2018-04-28 04:01:04 INFO  ApacheHttpClient.sendEvent(469) - responseCode = 200
2018-04-28 04:02:04 INFO  ApacheHttpClient.sendEvent(469) - responseCode = 200
2018-04-28 04:03:04 INFO  ApacheHttpClient.sendEvent(469) - responseCode = 200
2018-04-28 04:04:04 INFO  ApacheHttpClient.sendEvent(469) - responseCode = 200
2018-04-28 04:05:04 INFO  ApacheHttpClient.sendEvent(469) - responseCode = 200
2018-04-28 04:06:04 INFO  ApacheHttpClient.sendEvent(469) - responseCode = 200
2018-04-28 04:07:04 INFO  ApacheHttpClient.sendEvent(469) - responseCode = 200
2018-04-28 04:08:04 INFO  ApacheHttpClient.sendEvent(469) - responseCode = 200
2018-04-28 04:09:04 INFO  ApacheHttpClient.sendEvent(469) - responseCode = 200
2018-04-28 04:10:04 INFO  ApacheHttpClient.sendEvent(469) - responseCode = 200
2018-04-28 04:11:04 INFO  ApacheHttpClient.sendEvent(469) - responseCode = 200
2018-04-28 04:12:04 INFO  ApacheHttpClient.sendEvent(469) - responseCode = 200
2018-04-28 04:13:04 INFO  ApacheHttpClient.sendEvent(469) - responseCode = 200
2018-04-28 04:14:04 INFO  ApacheHttpClient.sendEvent(469) - responseCode = 200
2018-04-28 04:15:04 INFO  ApacheHttpClient.sendEvent(469) - responseCode = 200
2018-04-28 04:16:04 INFO  ApacheHttpClient.sendEvent(469) - responseCode = 200
2018-04-28 04:17:04 INFO  ApacheHttpClient.sendEvent(469) - responseCode = 200
2018-04-28 04:18:04 INFO  ApacheHttpClient.sendEvent(469) - responseCode = 200
2018-04-28 04:19:04 INFO  ApacheHttpClient.sendEvent(469) - responseCode = 200
2018-04-28 04:20:04 INFO  ApacheHttpClient.sendEvent(469) - responseCode = 200
2018-04-28 04:21:04 INFO  ApacheHttpClient.sendEvent(469) - responseCode = 200
2018-04-28 04:22:04 INFO  ApacheHttpClient.sendEvent(469) - responseCode = 200
2018-04-28 04:23:04 INFO  ApacheHttpClient.sendEvent(469) - responseCode = 200
2018-04-28 04:24:04 INFO  ApacheHttpClient.sendEvent(469) - responseCode = 200
2018-04-28 04:25:04 INFO  ApacheHttpClient.sendEvent(469) - responseCode = 200
2018-04-28 04:26:04 INFO  ApacheHttpClient.sendEvent(469) - responseCode = 200
2018-04-28 04:27:04 INFO  ApacheHttpClient.sendEvent(469) - responseCode = 200
2018-04-28 04:28:04 INFO  ApacheHttpClient.sendEvent(469) - responseCode = 200
2018-04-28 04:29:04 INFO  ApacheHttpClient.sendEvent(469) - responseCode = 200
2018-04-28 04:30:04 INFO  ApacheHttpClient.sendEvent(469) - responseCode = 200
2018-04-28 04:31:04 INFO  ApacheHttpClient.sendEvent(469) - responseCode = 200
2018-04-28 04:32:04 INFO  ApacheHttpClient.sendEvent(469) - responseCode = 200
2018-04-28 04:33:04 INFO  ApacheHttpClient.sendEvent(469) - responseCode = 200
2018-04-28 04:34:04 INFO  ApacheHttpClient.sendEvent(469) - responseCode = 200
2018-04-28 04:35:04 INFO  ApacheHttpClient.sendEvent(469) - responseCode = 200
2018-04-28 04:36:04 INFO  ApacheHttpClient.sendEvent(469) - responseCode = 200
2018-04-28 04:37:04 INFO  ApacheHttpClient.sendEvent(469) - responseCode = 200
2018-04-28 04:38:04 INFO  ApacheHttpClient.sendEvent(469) - responseCode = 200
2018-04-28 04:39:04 INFO  ApacheHttpClient.sendEvent(469) - responseCode = 200
2018-04-28 04:40:04 INFO  ApacheHttpClient.sendEvent(469) - responseCode = 200
2018-04-28 04:41:04 INFO  ApacheHttpClient.sendEvent(469) - responseCode = 200
2018-04-28 04:42:04 INFO  ApacheHttpClient.sendEvent(469) - responseCode = 200
2018-04-28 04:43:04 INFO  ApacheHttpClient.sendEvent(469) - responseCode = 200
2018-04-28 04:44:04 INFO  ApacheHttpClient.sendEvent(469) - responseCode = 200
2018-04-28 04:45:04 INFO  ApacheHttpClient.sendEvent(469) - responseCode = 200
2018-04-28 04:46:04 INFO  ApacheHttpClient.sendEvent(469) - responseCode = 200
2018-04-28 04:47:04 INFO  ApacheHttpClient.sendEvent(469) - responseCode = 200
2018-04-28 04:48:04 INFO  ApacheHttpClient.sendEvent(469) - responseCode = 200
2018-04-28 04:49:04 INFO  ApacheHttpClient.sendEvent(469) - responseCode = 200
2018-04-28 04:50:04 INFO  ApacheHttpClient.sendEvent(469) - responseCode = 200
2018-04-28 04:51:04 INFO  ApacheHttpClient.sendEvent(469) - responseCode = 200
2018-04-28 04:52:04 INFO  ApacheHttpClient.sendEvent(469) - responseCode = 200
2018-04-28 04:53:04 INFO  ApacheHttpClient.sendEvent(469) - responseCode = 200
2018-04-28 04:54:04 INFO  ApacheHttpClient.sendEvent(469) - responseCode = 200
2018-04-28 04:55:04 INFO  ApacheHttpClient.sendEvent(469) - responseCode = 200
2018-04-28 04:56:04 INFO  ApacheHttpClient.sendEvent(469) - responseCode = 200
2018-04-28 04:57:04 INFO  ApacheHttpClient.sendEvent(469) - responseCode = 200
2018-04-28 04:58:04 INFO  ApacheHttpClient.sendEvent(469) - responseCode = 200
2018-04-28 04:59:04 INFO  ApacheHttpClient.sendEvent(469) - responseCode = 200
2018-04-28 05:00:04 INFO  ApacheHttpClient.sendEvent(469) - responseCode = 200
2018-04-28 05:01:04 INFO  ApacheHttpClient.sendEvent(469) - responseCode = 200
2018-04-28 05:02:04 INFO  ApacheHttpClient.sendEvent(469) - responseCode = 200
2018-04-28 05:03:04 INFO  ApacheHttpClient.sendEvent(469) - responseCode = 200
2018-04-28 05:04:04 INFO  ApacheHttpClient.sendEvent(469) - responseCode = 200
2018-04-28 05:05:04 INFO  ApacheHttpClient.sendEvent(469) - responseCode = 200
2018-04-28 05:06:04 INFO  ApacheHttpClient.sendEvent(469) - responseCode = 200
2018-04-28 05:07:04 INFO  ApacheHttpClient.sendEvent(469) - responseCode = 200
2018-04-28 05:08:04 INFO  ApacheHttpClient.sendEvent(469) - responseCode = 200
2018-04-28 05:09:04 INFO  ApacheHttpClient.sendEvent(469) - responseCode = 200
2018-04-28 05:10:04 INFO  ApacheHttpClient.sendEvent(469) - responseCode = 200
2018-04-28 05:11:04 INFO  ApacheHttpClient.sendEvent(469) - responseCode = 200
2018-04-28 05:12:04 INFO  ApacheHttpClient.sendEvent(469) - responseCode = 200
2018-04-28 05:13:04 INFO  ApacheHttpClient.sendEvent(469) - responseCode = 200
2018-04-28 05:14:04 INFO  ApacheHttpClient.sendEvent(469) - responseCode = 200
2018-04-28 05:15:04 INFO  ApacheHttpClient.sendEvent(469) - responseCode = 200
2018-04-28 05:16:04 INFO  ApacheHttpClient.sendEvent(469) - responseCode = 200
2018-04-28 05:17:04 INFO  ApacheHttpClient.sendEvent(469) - responseCode = 200
2018-04-28 05:18:04 INFO  ApacheHttpClient.sendEvent(469) - responseCode = 200
2018-04-28 05:19:04 INFO  ApacheHttpClient.sendEvent(469) - responseCode = 200
2018-04-28 05:20:04 INFO  ApacheHttpClient.sendEvent(469) - responseCode = 200
2018-04-28 05:21:04 INFO  ApacheHttpClient.sendEvent(469) - responseCode = 200
2018-04-28 05:22:04 INFO  ApacheHttpClient.sendEvent(469) - responseCode = 200
2018-04-28 05:23:04 INFO  ApacheHttpClient.sendEvent(469) - responseCode = 200
2018-04-28 05:24:05 INFO  ApacheHttpClient.sendEvent(469) - responseCode = 200
2018-04-28 05:25:04 INFO  ApacheHttpClient.sendEvent(469) - responseCode = 200
2018-04-28 05:26:04 INFO  ApacheHttpClient.sendEvent(469) - responseCode = 200
2018-04-28 05:27:04 INFO  ApacheHttpClient.sendEvent(469) - responseCode = 200
2018-04-28 05:28:04 INFO  ApacheHttpClient.sendEvent(469) - responseCode = 200
2018-04-28 05:29:04 INFO  ApacheHttpClient.sendEvent(469) - responseCode = 200
2018-04-28 05:30:04 INFO  ApacheHttpClient.sendEvent(469) - responseCode = 200
2018-04-28 05:31:04 INFO  ApacheHttpClient.sendEvent(469) - responseCode = 200
2018-04-28 05:32:04 INFO  ApacheHttpClient.sendEvent(469) - responseCode = 200
2018-04-28 05:33:04 INFO  ApacheHttpClient.sendEvent(469) - responseCode = 200
2018-04-28 05:34:04 INFO  ApacheHttpClient.sendEvent(469) - responseCode = 200
2018-04-28 05:35:04 INFO  ApacheHttpClient.sendEvent(469) - responseCode = 200
2018-04-28 05:36:04 INFO  ApacheHttpClient.sendEvent(469) - responseCode = 200
2018-04-28 05:37:04 INFO  ApacheHttpClient.sendEvent(469) - responseCode = 200
2018-04-28 05:38:04 INFO  ApacheHttpClient.sendEvent(469) - responseCode = 200
2018-04-28 05:39:04 INFO  ApacheHttpClient.sendEvent(469) - responseCode = 200
2018-04-28 05:40:05 INFO  ApacheHttpClient.sendEvent(469) - responseCode = 200
2018-04-28 05:41:05 INFO  ApacheHttpClient.sendEvent(469) - responseCode = 200
2018-04-28 05:42:05 INFO  ApacheHttpClient.sendEvent(469) - responseCode = 200
2018-04-28 05:43:05 INFO  ApacheHttpClient.sendEvent(469) - responseCode = 200
2018-04-28 05:44:05 INFO  ApacheHttpClient.sendEvent(469) - responseCode = 200
2018-04-28 05:45:05 INFO  ApacheHttpClient.sendEvent(469) - responseCode = 200
2018-04-28 05:46:05 INFO  ApacheHttpClient.sendEvent(469) - responseCode = 200
2018-04-28 05:47:05 INFO  ApacheHttpClient.sendEvent(469) - responseCode = 200
2018-04-28 05:48:05 INFO  ApacheHttpClient.sendEvent(469) - responseCode = 200
2018-04-28 05:49:05 INFO  ApacheHttpClient.sendEvent(469) - responseCode = 200
2018-04-28 05:50:05 INFO  ApacheHttpClient.sendEvent(469) - responseCode = 200
2018-04-28 05:51:05 INFO  ApacheHttpClient.sendEvent(469) - responseCode = 200
2018-04-28 05:52:05 INFO  ApacheHttpClient.sendEvent(469) - responseCode = 200
2018-04-28 05:53:05 INFO  ApacheHttpClient.sendEvent(469) - responseCode = 200
2018-04-28 05:54:05 INFO  ApacheHttpClient.sendEvent(469) - responseCode = 200
2018-04-28 05:55:05 INFO  ApacheHttpClient.sendEvent(469) - responseCode = 200
2018-04-28 05:56:05 INFO  ApacheHttpClient.sendEvent(469) - responseCode = 200
2018-04-28 05:57:05 INFO  ApacheHttpClient.sendEvent(469) - responseCode = 200
2018-04-28 05:58:05 INFO  ApacheHttpClient.sendEvent(469) - responseCode = 200
2018-04-28 05:59:05 INFO  ApacheHttpClient.sendEvent(469) - responseCode = 200
2018-04-28 06:00:05 INFO  ApacheHttpClient.sendEvent(469) - responseCode = 200
2018-04-28 06:01:05 INFO  ApacheHttpClient.sendEvent(469) - responseCode = 200
2018-04-28 06:02:05 INFO  ApacheHttpClient.sendEvent(469) - responseCode = 200
2018-04-28 06:03:05 INFO  ApacheHttpClient.sendEvent(469) - responseCode = 200
2018-04-28 06:04:05 INFO  ApacheHttpClient.sendEvent(469) - responseCode = 200
2018-04-28 06:05:05 INFO  ApacheHttpClient.sendEvent(469) - responseCode = 200
2018-04-28 06:06:05 INFO  ApacheHttpClient.sendEvent(469) - responseCode = 200
2018-04-28 06:07:05 INFO  ApacheHttpClient.sendEvent(469) - responseCode = 200
2018-04-28 06:08:05 INFO  ApacheHttpClient.sendEvent(469) - responseCode = 200
2018-04-28 06:09:05 INFO  ApacheHttpClient.sendEvent(469) - responseCode = 200
2018-04-28 06:10:05 INFO  ApacheHttpClient.sendEvent(469) - responseCode = 200
2018-04-28 06:11:05 INFO  ApacheHttpClient.sendEvent(469) - responseCode = 200
2018-04-28 06:12:05 INFO  ApacheHttpClient.sendEvent(469) - responseCode = 200
2018-04-28 06:13:05 INFO  ApacheHttpClient.sendEvent(469) - responseCode = 200
2018-04-28 06:14:05 INFO  ApacheHttpClient.sendEvent(469) - responseCode = 200
2018-04-28 06:15:05 INFO  ApacheHttpClient.sendEvent(469) - responseCode = 200
2018-04-28 06:16:05 INFO  ApacheHttpClient.sendEvent(469) - responseCode = 200
2018-04-28 06:17:05 INFO  ApacheHttpClient.sendEvent(469) - responseCode = 200
2018-04-28 06:18:05 INFO  ApacheHttpClient.sendEvent(469) - responseCode = 200
2018-04-28 06:19:05 INFO  ApacheHttpClient.sendEvent(469) - responseCode = 200
2018-04-28 06:20:05 INFO  ApacheHttpClient.sendEvent(469) - responseCode = 200
2018-04-28 06:21:05 INFO  ApacheHttpClient.sendEvent(469) - responseCode = 200
2018-04-28 06:22:05 INFO  ApacheHttpClient.sendEvent(469) - responseCode = 200
2018-04-28 06:23:05 INFO  ApacheHttpClient.sendEvent(469) - responseCode = 200
2018-04-28 06:24:05 INFO  ApacheHttpClient.sendEvent(469) - responseCode = 200
2018-04-28 06:25:05 INFO  ApacheHttpClient.sendEvent(469) - responseCode = 200
2018-04-28 06:26:05 INFO  ApacheHttpClient.sendEvent(469) - responseCode = 200
2018-04-28 06:27:05 INFO  ApacheHttpClient.sendEvent(469) - responseCode = 200
2018-04-28 06:28:05 INFO  ApacheHttpClient.sendEvent(469) - responseCode = 200
2018-04-28 06:29:05 INFO  ApacheHttpClient.sendEvent(469) - responseCode = 200
2018-04-28 06:30:05 INFO  ApacheHttpClient.sendEvent(469) - responseCode = 200
2018-04-28 06:31:05 INFO  ApacheHttpClient.sendEvent(469) - responseCode = 200
2018-04-28 06:32:05 INFO  ApacheHttpClient.sendEvent(469) - responseCode = 200
2018-04-28 06:33:05 INFO  ApacheHttpClient.sendEvent(469) - responseCode = 200
2018-04-28 06:34:05 INFO  ApacheHttpClient.sendEvent(469) - responseCode = 200
2018-04-28 06:35:05 INFO  ApacheHttpClient.sendEvent(469) - responseCode = 200
2018-04-28 06:36:05 INFO  ApacheHttpClient.sendEvent(469) - responseCode = 200
2018-04-28 06:37:05 INFO  ApacheHttpClient.sendEvent(469) - responseCode = 200
2018-04-28 06:38:05 INFO  ApacheHttpClient.sendEvent(469) - responseCode = 200
2018-04-28 06:39:05 INFO  ApacheHttpClient.sendEvent(469) - responseCode = 200
2018-04-28 06:40:05 INFO  ApacheHttpClient.sendEvent(469) - responseCode = 200
2018-04-28 06:41:05 INFO  ApacheHttpClient.sendEvent(469) - responseCode = 200
2018-04-28 06:42:05 INFO  ApacheHttpClient.sendEvent(469) - responseCode = 200
2018-04-28 06:43:05 INFO  ApacheHttpClient.sendEvent(469) - responseCode = 200
2018-04-28 06:44:05 INFO  ApacheHttpClient.sendEvent(469) - responseCode = 200
2018-04-28 06:45:05 INFO  ApacheHttpClient.sendEvent(469) - responseCode = 200
2018-04-28 06:46:05 INFO  ApacheHttpClient.sendEvent(469) - responseCode = 200
2018-04-28 06:47:05 INFO  ApacheHttpClient.sendEvent(469) - responseCode = 200
2018-04-28 06:48:05 INFO  ApacheHttpClient.sendEvent(469) - responseCode = 200
2018-04-28 06:49:05 INFO  ApacheHttpClient.sendEvent(469) - responseCode = 200
2018-04-28 06:50:05 INFO  ApacheHttpClient.sendEvent(469) - responseCode = 200
2018-04-28 06:51:05 INFO  ApacheHttpClient.sendEvent(469) - responseCode = 200
2018-04-28 06:52:05 INFO  ApacheHttpClient.sendEvent(469) - responseCode = 200
2018-04-28 06:53:05 INFO  ApacheHttpClient.sendEvent(469) - responseCode = 200
2018-04-28 06:54:05 INFO  ApacheHttpClient.sendEvent(469) - responseCode = 200
2018-04-28 06:55:05 INFO  ApacheHttpClient.sendEvent(469) - responseCode = 200
2018-04-28 06:56:05 INFO  ApacheHttpClient.sendEvent(469) - responseCode = 200
2018-04-28 06:57:05 INFO  ApacheHttpClient.sendEvent(469) - responseCode = 200
2018-04-28 06:58:05 INFO  ApacheHttpClient.sendEvent(469) - responseCode = 200
2018-04-28 06:59:05 INFO  ApacheHttpClient.sendEvent(469) - responseCode = 200
2018-04-28 07:00:05 INFO  ApacheHttpClient.sendEvent(469) - responseCode = 200
2018-04-28 07:01:05 INFO  ApacheHttpClient.sendEvent(469) - responseCode = 200
2018-04-28 07:02:05 INFO  ApacheHttpClient.sendEvent(469) - responseCode = 200
2018-04-28 07:03:05 INFO  ApacheHttpClient.sendEvent(469) - responseCode = 200
2018-04-28 07:04:05 INFO  ApacheHttpClient.sendEvent(469) - responseCode = 200
2018-04-28 07:05:05 INFO  ApacheHttpClient.sendEvent(469) - responseCode = 200
2018-04-28 07:06:05 INFO  ApacheHttpClient.sendEvent(469) - responseCode = 200
2018-04-28 07:07:05 INFO  ApacheHttpClient.sendEvent(469) - responseCode = 200
2018-04-28 07:08:05 INFO  ApacheHttpClient.sendEvent(469) - responseCode = 200
2018-04-28 07:09:05 INFO  ApacheHttpClient.sendEvent(469) - responseCode = 200
2018-04-28 07:10:05 INFO  ApacheHttpClient.sendEvent(469) - responseCode = 200
2018-04-28 07:11:05 INFO  ApacheHttpClient.sendEvent(469) - responseCode = 200
2018-04-28 07:12:05 INFO  ApacheHttpClient.sendEvent(469) - responseCode = 200
2018-04-28 07:13:05 INFO  ApacheHttpClient.sendEvent(469) - responseCode = 200
2018-04-28 07:14:05 INFO  ApacheHttpClient.sendEvent(469) - responseCode = 200
2018-04-28 07:15:05 INFO  ApacheHttpClient.sendEvent(469) - responseCode = 200
2018-04-28 07:16:05 INFO  ApacheHttpClient.sendEvent(469) - responseCode = 200
2018-04-28 07:17:05 INFO  ApacheHttpClient.sendEvent(469) - responseCode = 200
2018-04-28 07:18:05 INFO  ApacheHttpClient.sendEvent(469) - responseCode = 200
2018-04-28 07:19:05 INFO  ApacheHttpClient.sendEvent(469) - responseCode = 200
2018-04-28 07:20:05 INFO  ApacheHttpClient.sendEvent(469) - responseCode = 200
2018-04-28 07:21:05 INFO  ApacheHttpClient.sendEvent(469) - responseCode = 200
2018-04-28 07:22:05 INFO  ApacheHttpClient.sendEvent(469) - responseCode = 200
2018-04-28 07:23:05 INFO  ApacheHttpClient.sendEvent(469) - responseCode = 200
2018-04-28 07:24:05 INFO  ApacheHttpClient.sendEvent(469) - responseCode = 200
2018-04-28 07:25:05 INFO  ApacheHttpClient.sendEvent(469) - responseCode = 200
2018-04-28 07:26:05 INFO  ApacheHttpClient.sendEvent(469) - responseCode = 200
2018-04-28 07:27:05 INFO  ApacheHttpClient.sendEvent(469) - responseCode = 200
2018-04-28 07:28:05 INFO  ApacheHttpClient.sendEvent(469) - responseCode = 200
2018-04-28 07:29:05 INFO  ApacheHttpClient.sendEvent(469) - responseCode = 200
2018-04-28 07:30:05 INFO  ApacheHttpClient.sendEvent(469) - responseCode = 200
2018-04-28 07:31:05 INFO  ApacheHttpClient.sendEvent(469) - responseCode = 200
2018-04-28 07:32:05 INFO  ApacheHttpClient.sendEvent(469) - responseCode = 200
2018-04-28 07:33:05 INFO  ApacheHttpClient.sendEvent(469) - responseCode = 200
2018-04-28 07:34:05 INFO  ApacheHttpClient.sendEvent(469) - responseCode = 200
2018-04-28 07:35:05 INFO  ApacheHttpClient.sendEvent(469) - responseCode = 200
2018-04-28 07:36:05 INFO  ApacheHttpClient.sendEvent(469) - responseCode = 200
2018-04-28 07:37:05 INFO  ApacheHttpClient.sendEvent(469) - responseCode = 200
2018-04-28 07:38:05 INFO  ApacheHttpClient.sendEvent(469) - responseCode = 200
2018-04-28 07:39:05 INFO  ApacheHttpClient.sendEvent(469) - responseCode = 200
2018-04-28 07:40:05 INFO  ApacheHttpClient.sendEvent(469) - responseCode = 200
2018-04-28 07:41:05 INFO  ApacheHttpClient.sendEvent(469) - responseCode = 200
2018-04-28 07:42:05 INFO  ApacheHttpClient.sendEvent(469) - responseCode = 200
2018-04-28 07:43:05 INFO  ApacheHttpClient.sendEvent(469) - responseCode = 200
2018-04-28 07:44:05 INFO  ApacheHttpClient.sendEvent(469) - responseCode = 200
2018-04-28 07:45:05 INFO  ApacheHttpClient.sendEvent(469) - responseCode = 200
2018-04-28 07:46:05 INFO  ApacheHttpClient.sendEvent(469) - responseCode = 200
2018-04-28 07:47:05 INFO  ApacheHttpClient.sendEvent(469) - responseCode = 200
2018-04-28 07:48:05 INFO  ApacheHttpClient.sendEvent(469) - responseCode = 200
2018-04-28 07:49:05 INFO  ApacheHttpClient.sendEvent(469) - responseCode = 200
2018-04-28 07:50:05 INFO  ApacheHttpClient.sendEvent(469) - responseCode = 200
2018-04-28 07:51:05 INFO  ApacheHttpClient.sendEvent(469) - responseCode = 200
2018-04-28 07:52:05 INFO  ApacheHttpClient.sendEvent(469) - responseCode = 200
2018-04-28 07:53:05 INFO  ApacheHttpClient.sendEvent(469) - responseCode = 200
2018-04-28 07:54:05 INFO  ApacheHttpClient.sendEvent(469) - responseCode = 200
2018-04-28 07:55:05 INFO  ApacheHttpClient.sendEvent(469) - responseCode = 200
2018-04-28 07:56:05 INFO  ApacheHttpClient.sendEvent(469) - responseCode = 200
2018-04-28 07:57:05 INFO  ApacheHttpClient.sendEvent(469) - responseCode = 200
2018-04-28 07:58:05 INFO  ApacheHttpClient.sendEvent(469) - responseCode = 200
2018-04-28 07:59:05 INFO  ApacheHttpClient.sendEvent(469) - responseCode = 200
2018-04-28 08:00:05 INFO  ApacheHttpClient.sendEvent(469) - responseCode = 200
2018-04-28 08:01:05 INFO  ApacheHttpClient.sendEvent(469) - responseCode = 200
2018-04-28 08:02:05 INFO  ApacheHttpClient.sendEvent(469) - responseCode = 200
2018-04-28 08:03:05 INFO  ApacheHttpClient.sendEvent(469) - responseCode = 200
2018-04-28 08:04:05 INFO  ApacheHttpClient.sendEvent(469) - responseCode = 200
2018-04-28 08:05:05 INFO  ApacheHttpClient.sendEvent(469) - responseCode = 200
2018-04-28 08:06:05 INFO  ApacheHttpClient.sendEvent(469) - responseCode = 200
2018-04-28 08:07:05 INFO  ApacheHttpClient.sendEvent(469) - responseCode = 200
2018-04-28 08:08:05 INFO  ApacheHttpClient.sendEvent(469) - responseCode = 200
2018-04-28 08:09:05 INFO  ApacheHttpClient.sendEvent(469) - responseCode = 200
2018-04-28 08:10:05 INFO  ApacheHttpClient.sendEvent(469) - responseCode = 200
2018-04-28 08:11:05 INFO  ApacheHttpClient.sendEvent(469) - responseCode = 200
2018-04-28 08:12:05 INFO  ApacheHttpClient.sendEvent(469) - responseCode = 200
2018-04-28 08:13:05 INFO  ApacheHttpClient.sendEvent(469) - responseCode = 200
2018-04-28 08:14:05 INFO  ApacheHttpClient.sendEvent(469) - responseCode = 200
2018-04-28 08:15:05 INFO  ApacheHttpClient.sendEvent(469) - responseCode = 200
2018-04-28 08:16:05 INFO  ApacheHttpClient.sendEvent(469) - responseCode = 200
2018-04-28 08:17:05 INFO  ApacheHttpClient.sendEvent(469) - responseCode = 200
2018-04-28 08:18:05 INFO  ApacheHttpClient.sendEvent(469) - responseCode = 200
2018-04-28 08:19:05 INFO  ApacheHttpClient.sendEvent(469) - responseCode = 200
2018-04-28 08:20:05 INFO  ApacheHttpClient.sendEvent(469) - responseCode = 200
2018-04-28 08:21:05 INFO  ApacheHttpClient.sendEvent(469) - responseCode = 200
2018-04-28 08:22:05 INFO  ApacheHttpClient.sendEvent(469) - responseCode = 200
2018-04-28 08:23:05 INFO  ApacheHttpClient.sendEvent(469) - responseCode = 200
2018-04-28 08:24:05 INFO  ApacheHttpClient.sendEvent(469) - responseCode = 200
2018-04-28 08:25:05 INFO  ApacheHttpClient.sendEvent(469) - responseCode = 200
2018-04-28 08:26:05 INFO  ApacheHttpClient.sendEvent(469) - responseCode = 200
2018-04-28 08:27:05 INFO  ApacheHttpClient.sendEvent(469) - responseCode = 200
2018-04-28 08:28:05 INFO  ApacheHttpClient.sendEvent(469) - responseCode = 200
2018-04-28 08:29:05 INFO  ApacheHttpClient.sendEvent(469) - responseCode = 200
2018-04-28 08:30:05 INFO  ApacheHttpClient.sendEvent(469) - responseCode = 200
2018-04-28 08:31:05 INFO  ApacheHttpClient.sendEvent(469) - responseCode = 200
2018-04-28 08:32:05 INFO  ApacheHttpClient.sendEvent(469) - responseCode = 200
2018-04-28 08:33:05 INFO  ApacheHttpClient.sendEvent(469) - responseCode = 200
2018-04-28 08:34:05 INFO  ApacheHttpClient.sendEvent(469) - responseCode = 200
2018-04-28 08:35:05 INFO  ApacheHttpClient.sendEvent(469) - responseCode = 200
2018-04-28 08:36:05 INFO  ApacheHttpClient.sendEvent(469) - responseCode = 200
2018-04-28 08:37:05 INFO  ApacheHttpClient.sendEvent(469) - responseCode = 200
2018-04-28 08:37:45 INFO  ApacheHttpClient.testConnection(187) - responseCode = 200
2018-04-28 08:37:45 INFO  ApacheHttpClient.testConnection(195) - result = true
2018-04-28 08:37:48 INFO  ApacheHttpClient.getWebResourceAsStream(436) - responseCode = 200
2018-04-28 08:37:48 INFO  ApacheHttpClient.getFilteredTasks(323) - responseCode = 200
2018-04-28 08:37:57 INFO  ApacheHttpClient.getTaskTemplateInfo(340) - responseCode = 200
2018-04-28 08:37:58 INFO  ApacheHttpClient.testConnection(187) - responseCode = 200
2018-04-28 08:37:58 INFO  ApacheHttpClient.testConnection(195) - result = true
2018-04-28 08:37:59 INFO  ApacheHttpClient.testConnection(187) - responseCode = 200
2018-04-28 08:37:59 INFO  ApacheHttpClient.testConnection(195) - result = true
2018-04-28 08:37:59 INFO  ApacheHttpClient.getWebResourceAsStream(436) - responseCode = 200
2018-04-28 08:38:05 INFO  ApacheHttpClient.sendEvent(469) - responseCode = 200
2018-04-28 08:39:05 INFO  ApacheHttpClient.sendEvent(469) - responseCode = 200
2018-04-28 08:40:05 INFO  ApacheHttpClient.sendEvent(469) - responseCode = 200
2018-04-28 08:41:05 INFO  ApacheHttpClient.sendEvent(469) - responseCode = 200
2018-04-28 08:41:14 INFO  ApacheHttpClient.testConnection(187) - responseCode = 200
2018-04-28 08:41:14 INFO  ApacheHttpClient.testConnection(195) - result = true
2018-04-28 08:42:05 INFO  ApacheHttpClient.sendEvent(469) - responseCode = 200
2018-04-28 08:42:51 INFO  ApacheHttpClient.getWebResourceAsStream(436) - responseCode = 200
2018-04-28 08:42:51 INFO  ApacheHttpClient.getTask(421) - responseCode = 200
2018-04-28 08:42:52 INFO  ApacheHttpClient.getWebResourceAsStream(436) - responseCode = 200
2018-04-28 08:42:54 INFO  ApacheHttpClient.completed(27) - responseCode = 200
2018-04-28 08:43:05 INFO  ApacheHttpClient.sendEvent(469) - responseCode = 200
2018-04-28 08:43:09 INFO  ApacheHttpClient.getWebResourceAsStream(436) - responseCode = 200
2018-04-28 08:43:09 WARN  JavaRushUtil.getCurrentTask(66) - Ошибка получения ключа задачи.
2018-04-28 08:43:11 INFO  ApacheHttpClient.resetTask(310) - responseCode = 200
2018-04-28 08:43:11 INFO  ApacheHttpClient.getTask(421) - responseCode = 200
2018-04-28 08:43:12 INFO  ApacheHttpClient.getTaskTemplateInfo(340) - responseCode = 200
2018-04-28 08:43:13 INFO  ApacheHttpClient.testConnection(187) - responseCode = 200
2018-04-28 08:43:13 INFO  ApacheHttpClient.testConnection(195) - result = true
2018-04-28 08:43:13 INFO  ApacheHttpClient.testConnection(187) - responseCode = 200
2018-04-28 08:43:13 INFO  ApacheHttpClient.testConnection(195) - result = true
2018-04-28 08:43:13 INFO  ApacheHttpClient.getWebResourceAsStream(436) - responseCode = 200
2018-04-28 08:44:05 INFO  ApacheHttpClient.sendEvent(469) - responseCode = 200
2018-04-28 08:44:12 INFO  ApacheHttpClient.getWebResourceAsStream(436) - responseCode = 200
2018-04-28 08:44:12 INFO  ApacheHttpClient.getTask(421) - responseCode = 200
2018-04-28 08:44:13 INFO  ApacheHttpClient.getTask(421) - responseCode = 200
2018-04-28 08:44:14 INFO  ApacheHttpClient.getWebResourceAsStream(436) - responseCode = 200
2018-04-28 08:44:15 INFO  ApacheHttpClient.completed(27) - responseCode = 200
2018-04-28 08:44:40 INFO  ApacheHttpClient.getWebResourceAsStream(436) - responseCode = 200
2018-04-28 08:44:41 INFO  ApacheHttpClient.getTask(421) - responseCode = 200
2018-04-28 08:44:42 INFO  ApacheHttpClient.getWebResourceAsStream(436) - responseCode = 200
2018-04-28 08:44:43 INFO  ApacheHttpClient.completed(27) - responseCode = 200
2018-04-28 08:45:05 INFO  ApacheHttpClient.sendEvent(469) - responseCode = 200
2018-04-28 08:45:06 INFO  ApacheHttpClient.getWebResourceAsStream(436) - responseCode = 200
2018-04-28 08:45:06 INFO  ApacheHttpClient.getTask(421) - responseCode = 200
2018-04-28 08:45:08 INFO  ApacheHttpClient.getWebResourceAsStream(436) - responseCode = 200
2018-04-28 08:45:09 INFO  ApacheHttpClient.completed(27) - responseCode = 200
2018-04-28 08:45:09 INFO  ApacheHttpClient.getTask(421) - responseCode = 200
2018-04-28 08:45:13 INFO  ApacheHttpClient.getWebResourceAsStream(436) - responseCode = 200
2018-04-28 08:45:13 INFO  ApacheHttpClient.getFilteredTasks(323) - responseCode = 200
2018-04-28 08:45:15 INFO  ApacheHttpClient.getTaskTemplateInfo(340) - responseCode = 200
2018-04-28 08:45:16 INFO  ApacheHttpClient.testConnection(187) - responseCode = 200
2018-04-28 08:45:16 INFO  ApacheHttpClient.testConnection(195) - result = true
2018-04-28 08:45:16 INFO  ApacheHttpClient.testConnection(187) - responseCode = 200
2018-04-28 08:45:16 INFO  ApacheHttpClient.testConnection(195) - result = true
2018-04-28 08:45:16 INFO  ApacheHttpClient.getWebResourceAsStream(436) - responseCode = 200
2018-04-28 08:46:05 INFO  ApacheHttpClient.sendEvent(469) - responseCode = 200
2018-04-28 08:47:05 INFO  ApacheHttpClient.sendEvent(469) - responseCode = 200
2018-04-28 08:48:05 INFO  ApacheHttpClient.sendEvent(469) - responseCode = 200
2018-04-28 08:49:05 INFO  ApacheHttpClient.sendEvent(469) - responseCode = 200
2018-04-28 08:49:15 INFO  ApacheHttpClient.getWebResourceAsStream(436) - responseCode = 200
2018-04-28 08:49:16 INFO  ApacheHttpClient.getWebResourceAsStream(436) - responseCode = 200
2018-04-28 08:49:17 INFO  ApacheHttpClient.getTask(421) - responseCode = 200
2018-04-28 08:49:18 INFO  ApacheHttpClient.completed(27) - responseCode = 200
2018-04-28 08:49:19 INFO  ApacheHttpClient.getTask(421) - responseCode = 200
2018-04-28 08:49:25 INFO  ApacheHttpClient.getWebResourceAsStream(436) - responseCode = 200
2018-04-28 08:49:25 INFO  ApacheHttpClient.getFilteredTasks(323) - responseCode = 200
2018-04-28 08:49:30 INFO  ApacheHttpClient.getTaskTemplateInfo(340) - responseCode = 200
2018-04-28 08:49:31 INFO  ApacheHttpClient.testConnection(187) - responseCode = 200
2018-04-28 08:49:31 INFO  ApacheHttpClient.testConnection(195) - result = true
2018-04-28 08:49:31 INFO  ApacheHttpClient.testConnection(187) - responseCode = 200
2018-04-28 08:49:31 INFO  ApacheHttpClient.testConnection(195) - result = true
2018-04-28 08:49:31 INFO  ApacheHttpClient.getWebResourceAsStream(436) - responseCode = 200
2018-04-28 08:50:05 INFO  ApacheHttpClient.sendEvent(469) - responseCode = 200
2018-04-28 08:51:05 INFO  ApacheHttpClient.sendEvent(469) - responseCode = 200
2018-04-28 08:52:05 INFO  ApacheHttpClient.sendEvent(469) - responseCode = 200
2018-04-28 08:53:05 INFO  ApacheHttpClient.sendEvent(469) - responseCode = 200
2018-04-28 08:54:05 INFO  ApacheHttpClient.sendEvent(469) - responseCode = 200
2018-04-28 08:55:05 INFO  ApacheHttpClient.sendEvent(469) - responseCode = 200
2018-04-28 08:56:05 INFO  ApacheHttpClient.sendEvent(469) - responseCode = 200
2018-04-28 08:57:05 INFO  ApacheHttpClient.sendEvent(469) - responseCode = 200
2018-04-28 08:58:05 INFO  ApacheHttpClient.sendEvent(469) - responseCode = 200
2018-04-28 08:59:05 INFO  ApacheHttpClient.sendEvent(469) - responseCode = 200
2018-04-28 09:00:05 INFO  ApacheHttpClient.sendEvent(469) - responseCode = 200
2018-04-28 09:00:06 INFO  ApacheHttpClient.testConnection(187) - responseCode = 200
2018-04-28 09:00:06 INFO  ApacheHttpClient.testConnection(195) - result = true
2018-04-28 09:00:08 INFO  ApacheHttpClient.getWebResourceAsStream(436) - responseCode = 200
2018-04-28 09:00:09 INFO  ApacheHttpClient.getTask(421) - responseCode = 200
2018-04-28 09:00:10 INFO  ApacheHttpClient.getWebResourceAsStream(436) - responseCode = 200
2018-04-28 09:00:10 INFO  ApacheHttpClient.completed(27) - responseCode = 200
2018-04-28 09:01:05 INFO  ApacheHttpClient.sendEvent(469) - responseCode = 200
2018-04-28 09:01:15 INFO  ApacheHttpClient.getWebResourceAsStream(436) - responseCode = 200
2018-04-28 09:01:16 INFO  ApacheHttpClient.resetTask(310) - responseCode = 200
2018-04-28 09:01:16 INFO  ApacheHttpClient.getTask(421) - responseCode = 200
2018-04-28 09:01:16 INFO  ApacheHttpClient.getTaskTemplateInfo(340) - responseCode = 200
2018-04-28 09:01:17 INFO  ApacheHttpClient.testConnection(187) - responseCode = 200
2018-04-28 09:01:17 INFO  ApacheHttpClient.testConnection(195) - result = true
2018-04-28 09:01:18 INFO  ApacheHttpClient.testConnection(187) - responseCode = 200
2018-04-28 09:01:18 INFO  ApacheHttpClient.testConnection(195) - result = true
2018-04-28 09:01:18 INFO  ApacheHttpClient.getWebResourceAsStream(436) - responseCode = 200
2018-04-28 09:01:56 INFO  ApacheHttpClient.getWebResourceAsStream(436) - responseCode = 200
2018-04-28 09:01:57 INFO  ApacheHttpClient.resetTask(310) - responseCode = 200
2018-04-28 09:01:57 INFO  ApacheHttpClient.getTask(421) - responseCode = 200
2018-04-28 09:01:57 INFO  ApacheHttpClient.getTaskTemplateInfo(340) - responseCode = 200
2018-04-28 09:01:58 INFO  ApacheHttpClient.testConnection(187) - responseCode = 200
2018-04-28 09:01:58 INFO  ApacheHttpClient.testConnection(195) - result = true
2018-04-28 09:01:59 INFO  ApacheHttpClient.testConnection(187) - responseCode = 200
2018-04-28 09:01:59 INFO  ApacheHttpClient.testConnection(195) - result = true
2018-04-28 09:01:59 INFO  ApacheHttpClient.getWebResourceAsStream(436) - responseCode = 200
2018-04-28 09:02:05 INFO  ApacheHttpClient.sendEvent(469) - responseCode = 200
2018-04-28 09:03:05 INFO  ApacheHttpClient.sendEvent(469) - responseCode = 200
2018-04-28 09:04:05 INFO  ApacheHttpClient.sendEvent(469) - responseCode = 200
2018-04-28 09:05:05 INFO  ApacheHttpClient.sendEvent(469) - responseCode = 200
2018-04-28 09:06:05 INFO  ApacheHttpClient.sendEvent(469) - responseCode = 200
2018-04-28 09:07:05 INFO  ApacheHttpClient.sendEvent(469) - responseCode = 200
2018-04-28 09:08:05 INFO  ApacheHttpClient.sendEvent(469) - responseCode = 200
2018-04-28 09:09:05 INFO  ApacheHttpClient.sendEvent(469) - responseCode = 200
2018-04-28 09:10:05 INFO  ApacheHttpClient.sendEvent(469) - responseCode = 200
2018-04-28 09:11:05 INFO  ApacheHttpClient.sendEvent(469) - responseCode = 200
2018-04-28 09:12:05 INFO  ApacheHttpClient.sendEvent(469) - responseCode = 200
2018-04-28 09:13:05 INFO  ApacheHttpClient.sendEvent(469) - responseCode = 200
2018-04-28 09:14:05 INFO  ApacheHttpClient.sendEvent(469) - responseCode = 200
2018-04-28 09:15:05 INFO  ApacheHttpClient.sendEvent(469) - responseCode = 200
2018-04-28 09:16:05 INFO  ApacheHttpClient.sendEvent(469) - responseCode = 200
2018-04-28 09:17:05 INFO  ApacheHttpClient.sendEvent(469) - responseCode = 200
2018-04-28 09:18:05 INFO  ApacheHttpClient.sendEvent(469) - responseCode = 200
2018-04-28 09:19:05 INFO  ApacheHttpClient.sendEvent(469) - responseCode = 200
2018-04-28 09:20:05 INFO  ApacheHttpClient.sendEvent(469) - responseCode = 200
2018-04-28 09:21:05 INFO  ApacheHttpClient.sendEvent(469) - responseCode = 200
2018-04-28 09:22:05 INFO  ApacheHttpClient.sendEvent(469) - responseCode = 200
2018-04-28 09:23:05 INFO  ApacheHttpClient.sendEvent(469) - responseCode = 200
2018-04-28 09:24:05 INFO  ApacheHttpClient.sendEvent(469) - responseCode = 200
2018-04-28 09:25:05 INFO  ApacheHttpClient.sendEvent(469) - responseCode = 200
2018-04-28 09:25:48 INFO  ApacheHttpClient.getWebResourceAsStream(436) - responseCode = 200
2018-04-28 09:25:49 INFO  ApacheHttpClient.getTask(421) - responseCode = 200
2018-04-28 09:25:49 INFO  ApacheHttpClient.getWebResourceAsStream(436) - responseCode = 200
2018-04-28 09:25:50 INFO  ApacheHttpClient.completed(27) - responseCode = 200
2018-04-28 09:25:51 INFO  ApacheHttpClient.getTask(421) - responseCode = 200
2018-04-28 09:26:01 INFO  ApacheHttpClient.getWebResourceAsStream(436) - responseCode = 200
2018-04-28 09:26:01 INFO  ApacheHttpClient.getFilteredTasks(323) - responseCode = 200
2018-04-28 09:26:05 INFO  ApacheHttpClient.sendEvent(469) - responseCode = 200
2018-04-28 09:26:20 INFO  ApacheHttpClient.getTaskTemplateInfo(340) - responseCode = 200
2018-04-28 09:26:21 INFO  ApacheHttpClient.testConnection(187) - responseCode = 200
2018-04-28 09:26:21 INFO  ApacheHttpClient.testConnection(195) - result = true
2018-04-28 09:26:21 INFO  ApacheHttpClient.testConnection(187) - responseCode = 200
2018-04-28 09:26:21 INFO  ApacheHttpClient.testConnection(195) - result = true
2018-04-28 09:26:22 INFO  ApacheHttpClient.getWebResourceAsStream(436) - responseCode = 200
2018-04-28 09:27:05 INFO  ApacheHttpClient.sendEvent(469) - responseCode = 200
2018-04-28 09:27:22 INFO  ApacheHttpClient.testConnection(187) - responseCode = 200
2018-04-28 09:27:22 INFO  ApacheHttpClient.testConnection(195) - result = true
2018-04-28 09:28:05 INFO  ApacheHttpClient.sendEvent(469) - responseCode = 200
2018-04-28 09:29:05 INFO  ApacheHttpClient.sendEvent(469) - responseCode = 200
2018-04-28 09:30:05 INFO  ApacheHttpClient.sendEvent(469) - responseCode = 200
2018-04-28 09:31:05 INFO  ApacheHttpClient.sendEvent(469) - responseCode = 200
2018-04-28 09:32:05 INFO  ApacheHttpClient.sendEvent(469) - responseCode = 200
2018-04-28 09:33:05 INFO  ApacheHttpClient.sendEvent(469) - responseCode = 200
2018-04-28 09:34:05 INFO  ApacheHttpClient.sendEvent(469) - responseCode = 200
2018-04-28 09:35:05 INFO  ApacheHttpClient.sendEvent(469) - responseCode = 200
2018-04-28 09:36:05 INFO  ApacheHttpClient.sendEvent(469) - responseCode = 200
2018-04-28 09:37:05 INFO  ApacheHttpClient.sendEvent(469) - responseCode = 200
2018-04-28 09:38:05 INFO  ApacheHttpClient.sendEvent(469) - responseCode = 200
2018-04-28 09:39:05 INFO  ApacheHttpClient.sendEvent(469) - responseCode = 200
2018-04-28 09:40:05 INFO  ApacheHttpClient.sendEvent(469) - responseCode = 200
2018-04-28 09:41:05 INFO  ApacheHttpClient.sendEvent(469) - responseCode = 200
2018-04-28 09:42:05 INFO  ApacheHttpClient.sendEvent(469) - responseCode = 200
2018-04-28 09:43:06 INFO  ApacheHttpClient.sendEvent(469) - responseCode = 200
2018-04-28 09:44:06 INFO  ApacheHttpClient.sendEvent(469) - responseCode = 200
2018-04-28 09:45:05 INFO  ApacheHttpClient.sendEvent(469) - responseCode = 200
2018-04-28 09:46:06 INFO  ApacheHttpClient.sendEvent(469) - responseCode = 200
2018-04-28 09:47:06 INFO  ApacheHttpClient.sendEvent(469) - responseCode = 200
2018-04-28 09:48:06 INFO  ApacheHttpClient.sendEvent(469) - responseCode = 200
2018-04-28 09:49:06 INFO  ApacheHttpClient.sendEvent(469) - responseCode = 200
2018-04-28 09:50:06 INFO  ApacheHttpClient.sendEvent(469) - responseCode = 200
2018-04-28 09:51:06 INFO  ApacheHttpClient.sendEvent(469) - responseCode = 200
2018-04-28 09:52:06 INFO  ApacheHttpClient.sendEvent(469) - responseCode = 200
2018-04-28 09:53:06 INFO  ApacheHttpClient.sendEvent(469) - responseCode = 200
2018-04-28 09:54:06 INFO  ApacheHttpClient.sendEvent(469) - responseCode = 200
2018-04-28 09:55:06 INFO  ApacheHttpClient.sendEvent(469) - responseCode = 200
2018-04-28 09:56:06 INFO  ApacheHttpClient.sendEvent(469) - responseCode = 200
2018-04-28 09:57:06 INFO  ApacheHttpClient.sendEvent(469) - responseCode = 200
2018-04-28 09:58:06 INFO  ApacheHttpClient.sendEvent(469) - responseCode = 200
2018-04-28 09:59:06 INFO  ApacheHttpClient.sendEvent(469) - responseCode = 200
2018-04-28 10:00:06 INFO  ApacheHttpClient.sendEvent(469) - responseCode = 200
2018-04-28 10:01:06 INFO  ApacheHttpClient.sendEvent(469) - responseCode = 200
2018-04-28 10:02:06 INFO  ApacheHttpClient.sendEvent(469) - responseCode = 200
2018-04-28 10:03:06 INFO  ApacheHttpClient.sendEvent(469) - responseCode = 200
2018-04-28 10:04:06 INFO  ApacheHttpClient.sendEvent(469) - responseCode = 200
2018-04-28 10:05:06 INFO  ApacheHttpClient.sendEvent(469) - responseCode = 200
2018-04-28 10:06:06 INFO  ApacheHttpClient.sendEvent(469) - responseCode = 200
2018-04-28 10:07:06 INFO  ApacheHttpClient.sendEvent(469) - responseCode = 200
2018-04-28 10:08:06 INFO  ApacheHttpClient.sendEvent(469) - responseCode = 200
2018-04-28 10:09:06 INFO  ApacheHttpClient.sendEvent(469) - responseCode = 200
2018-04-28 10:10:06 INFO  ApacheHttpClient.sendEvent(469) - responseCode = 200
2018-04-28 10:11:06 INFO  ApacheHttpClient.sendEvent(469) - responseCode = 200
2018-04-28 10:12:06 INFO  ApacheHttpClient.sendEvent(469) - responseCode = 200
2018-04-28 10:13:06 INFO  ApacheHttpClient.sendEvent(469) - responseCode = 200
2018-04-28 10:14:06 INFO  ApacheHttpClient.sendEvent(469) - responseCode = 200
2018-04-28 10:15:06 INFO  ApacheHttpClient.sendEvent(469) - responseCode = 200
2018-04-28 10:16:06 INFO  ApacheHttpClient.sendEvent(469) - responseCode = 200
2018-04-28 10:17:06 INFO  ApacheHttpClient.sendEvent(469) - responseCode = 200
2018-04-28 10:18:06 INFO  ApacheHttpClient.sendEvent(469) - responseCode = 200
2018-04-28 10:19:06 INFO  ApacheHttpClient.sendEvent(469) - responseCode = 200
2018-04-28 10:20:06 INFO  ApacheHttpClient.sendEvent(469) - responseCode = 200
2018-04-28 10:21:06 INFO  ApacheHttpClient.sendEvent(469) - responseCode = 200
2018-04-28 10:22:06 INFO  ApacheHttpClient.sendEvent(469) - responseCode = 200
2018-04-28 10:23:06 INFO  ApacheHttpClient.sendEvent(469) - responseCode = 200
2018-04-28 10:24:06 INFO  ApacheHttpClient.sendEvent(469) - responseCode = 200
2018-04-28 10:25:06 INFO  ApacheHttpClient.sendEvent(469) - responseCode = 200
2018-04-28 10:26:06 INFO  ApacheHttpClient.sendEvent(469) - responseCode = 200
2018-04-28 10:27:06 INFO  ApacheHttpClient.sendEvent(469) - responseCode = 200
2018-04-28 10:28:06 INFO  ApacheHttpClient.sendEvent(469) - responseCode = 200
2018-04-28 10:29:06 INFO  ApacheHttpClient.sendEvent(469) - responseCode = 200
2018-04-28 10:30:06 INFO  ApacheHttpClient.sendEvent(469) - responseCode = 200
2018-04-28 10:31:06 INFO  ApacheHttpClient.sendEvent(469) - responseCode = 200
2018-04-28 10:32:06 INFO  ApacheHttpClient.sendEvent(469) - responseCode = 200
2018-04-28 10:33:06 INFO  ApacheHttpClient.sendEvent(469) - responseCode = 200
2018-04-28 10:34:06 INFO  ApacheHttpClient.sendEvent(469) - responseCode = 200
2018-04-28 10:35:06 INFO  ApacheHttpClient.sendEvent(469) - responseCode = 200
2018-04-28 10:36:06 INFO  ApacheHttpClient.sendEvent(469) - responseCode = 200
2018-04-28 10:37:06 INFO  ApacheHttpClient.sendEvent(469) - responseCode = 200
2018-04-28 10:38:06 INFO  ApacheHttpClient.sendEvent(469) - responseCode = 200
2018-04-28 10:39:06 INFO  ApacheHttpClient.sendEvent(469) - responseCode = 200
2018-04-28 10:40:06 INFO  ApacheHttpClient.sendEvent(469) - responseCode = 200
2018-04-28 10:41:06 INFO  ApacheHttpClient.sendEvent(469) - responseCode = 200
2018-04-28 10:42:06 INFO  ApacheHttpClient.sendEvent(469) - responseCode = 200
2018-04-28 10:43:06 INFO  ApacheHttpClient.sendEvent(469) - responseCode = 200
2018-04-28 10:44:06 INFO  ApacheHttpClient.sendEvent(469) - responseCode = 200
2018-04-28 10:45:06 INFO  ApacheHttpClient.sendEvent(469) - responseCode = 200
2018-04-28 10:46:06 INFO  ApacheHttpClient.sendEvent(469) - responseCode = 200
2018-04-28 10:47:06 INFO  ApacheHttpClient.sendEvent(469) - responseCode = 200
2018-04-28 10:48:06 INFO  ApacheHttpClient.sendEvent(469) - responseCode = 200
2018-04-28 10:49:06 INFO  ApacheHttpClient.sendEvent(469) - responseCode = 200
2018-04-28 10:50:06 INFO  ApacheHttpClient.sendEvent(469) - responseCode = 200
2018-04-28 10:51:06 INFO  ApacheHttpClient.sendEvent(469) - responseCode = 200
2018-04-28 10:52:06 INFO  ApacheHttpClient.sendEvent(469) - responseCode = 200
2018-04-28 10:53:06 INFO  ApacheHttpClient.sendEvent(469) - responseCode = 200
2018-04-28 10:54:06 INFO  ApacheHttpClient.sendEvent(469) - responseCode = 200
2018-04-28 10:55:06 INFO  ApacheHttpClient.sendEvent(469) - responseCode = 200
2018-04-28 10:56:06 INFO  ApacheHttpClient.sendEvent(469) - responseCode = 200
2018-04-28 10:57:06 INFO  ApacheHttpClient.sendEvent(469) - responseCode = 200
2018-04-28 10:58:06 INFO  ApacheHttpClient.sendEvent(469) - responseCode = 200
2018-04-28 10:59:06 INFO  ApacheHttpClient.sendEvent(469) - responseCode = 200
2018-04-28 11:00:06 INFO  ApacheHttpClient.sendEvent(469) - responseCode = 200
2018-04-28 11:01:06 INFO  ApacheHttpClient.sendEvent(469) - responseCode = 200
2018-04-28 11:02:06 INFO  ApacheHttpClient.sendEvent(469) - responseCode = 200
2018-04-28 11:03:06 INFO  ApacheHttpClient.sendEvent(469) - responseCode = 200
2018-04-28 11:04:06 INFO  ApacheHttpClient.sendEvent(469) - responseCode = 200
2018-04-28 11:05:06 INFO  ApacheHttpClient.sendEvent(469) - responseCode = 200
2018-04-28 11:06:06 INFO  ApacheHttpClient.sendEvent(469) - responseCode = 200
2018-04-28 11:07:06 INFO  ApacheHttpClient.sendEvent(469) - responseCode = 200
2018-04-28 11:08:06 INFO  ApacheHttpClient.sendEvent(469) - responseCode = 200
2018-04-28 11:09:06 INFO  ApacheHttpClient.sendEvent(469) - responseCode = 200
2018-04-28 11:10:06 INFO  ApacheHttpClient.sendEvent(469) - responseCode = 200
2018-04-28 11:11:06 INFO  ApacheHttpClient.sendEvent(469) - responseCode = 200
2018-04-28 11:12:06 INFO  ApacheHttpClient.sendEvent(469) - responseCode = 200
2018-04-28 11:12:42 INFO  ApacheHttpClient.getWebResourceAsStream(436) - responseCode = 200
2018-04-28 11:12:43 INFO  ApacheHttpClient.getTask(421) - responseCode = 200
2018-04-28 11:12:43 INFO  ApacheHttpClient.getWebResourceAsStream(436) - responseCode = 200
2018-04-28 11:12:45 INFO  ApacheHttpClient.completed(27) - responseCode = 200
2018-04-28 11:13:06 INFO  ApacheHttpClient.sendEvent(469) - responseCode = 200
2018-04-28 11:14:06 INFO  ApacheHttpClient.sendEvent(469) - responseCode = 200
2018-04-28 11:15:06 INFO  ApacheHttpClient.sendEvent(469) - responseCode = 200
2018-04-28 11:16:06 INFO  ApacheHttpClient.sendEvent(469) - responseCode = 200
2018-04-28 11:17:06 INFO  ApacheHttpClient.sendEvent(469) - responseCode = 200
2018-04-28 11:18:06 INFO  ApacheHttpClient.sendEvent(469) - responseCode = 200
2018-04-28 11:19:06 INFO  ApacheHttpClient.sendEvent(469) - responseCode = 200
2018-04-28 11:20:06 INFO  ApacheHttpClient.sendEvent(469) - responseCode = 200
2018-04-28 11:21:06 INFO  ApacheHttpClient.sendEvent(469) - responseCode = 200
2018-04-28 11:22:06 INFO  ApacheHttpClient.sendEvent(469) - responseCode = 200
2018-04-28 11:23:06 INFO  ApacheHttpClient.sendEvent(469) - responseCode = 200
2018-04-28 11:23:55 INFO  ApacheHttpClient.getWebResourceAsStream(436) - responseCode = 200
2018-04-28 11:23:56 INFO  ApacheHttpClient.getWebResourceAsStream(436) - responseCode = 200
2018-04-28 11:23:56 INFO  ApacheHttpClient.getTask(421) - responseCode = 200
2018-04-28 11:23:58 INFO  ApacheHttpClient.completed(27) - responseCode = 200
2018-04-28 11:23:58 INFO  ApacheHttpClient.getTask(421) - responseCode = 200
2018-04-28 11:24:06 INFO  ApacheHttpClient.sendEvent(469) - responseCode = 200
2018-04-28 11:25:06 INFO  ApacheHttpClient.sendEvent(469) - responseCode = 200
2018-04-28 11:26:06 INFO  ApacheHttpClient.sendEvent(469) - responseCode = 200
2018-04-28 11:27:06 INFO  ApacheHttpClient.sendEvent(469) - responseCode = 200
2018-04-28 11:28:06 INFO  ApacheHttpClient.sendEvent(469) - responseCode = 200
2018-04-28 11:29:06 INFO  ApacheHttpClient.sendEvent(469) - responseCode = 200
2018-04-28 11:30:06 INFO  ApacheHttpClient.sendEvent(469) - responseCode = 200
2018-04-28 11:30:51 INFO  ApacheHttpClient.getWebResourceAsStream(436) - responseCode = 200
2018-04-28 11:30:52 INFO  ApacheHttpClient.getWebResourceAsStream(436) - responseCode = 200
2018-04-28 11:30:52 INFO  ApacheHttpClient.getTask(421) - responseCode = 200
2018-04-28 11:30:54 INFO  ApacheHttpClient.completed(27) - responseCode = 200
2018-04-28 11:30:54 INFO  ApacheHttpClient.getTask(421) - responseCode = 200
2018-04-28 11:30:58 INFO  ApacheHttpClient.getWebResourceAsStream(436) - responseCode = 200
2018-04-28 11:30:58 INFO  ApacheHttpClient.getFilteredTasks(323) - responseCode = 200
2018-04-28 11:31:06 INFO  ApacheHttpClient.sendEvent(469) - responseCode = 200
2018-04-28 11:32:06 INFO  ApacheHttpClient.sendEvent(469) - responseCode = 200
2018-04-28 11:32:29 INFO  ApacheHttpClient.getTaskTemplateInfo(340) - responseCode = 200
2018-04-28 11:32:29 INFO  ApacheHttpClient.testConnection(187) - responseCode = 200
2018-04-28 11:32:29 INFO  ApacheHttpClient.testConnection(195) - result = true
2018-04-28 11:32:30 INFO  ApacheHttpClient.testConnection(187) - responseCode = 200
2018-04-28 11:32:30 INFO  ApacheHttpClient.testConnection(195) - result = true
2018-04-28 11:32:30 INFO  ApacheHttpClient.getWebResourceAsStream(436) - responseCode = 200
2018-04-28 11:33:06 INFO  ApacheHttpClient.sendEvent(469) - responseCode = 200
